have_library: checking for BIO_read() in -lcrypto... -------------------- yes

LD_LIBRARY_PATH=.:/usr/lib64 "gcc -o conftest -I/usr/include -I/usr/include/ruby/backward -I/usr/include -Ibin    -O2 -flto=auto -ffat-lto-objects -fexceptions -g -grecord-gcc-switches -pipe -Wall -Werror=format-security -Wp,-D_FORTIFY_SOURCE=2 -Wp,-D_GLIBCXX_ASSERTIONS -specs=/usr/lib/rpm/redhat/redhat-hardened-cc1 -fstack-protector-strong -specs=/usr/lib/rpm/redhat/redhat-annobin-cc1  -mtune=generic -fasynchronous-unwind-tables -fstack-clash-protection -fcf-protection -fPIC conftest.c  -L. -L/usr/lib64 -L. -Wl,-z,relro -Wl,--as-needed  -Wl,-z,now -specs=/usr/lib/rpm/redhat/redhat-hardened-ld -specs=/usr/lib/rpm/redhat/redhat-annobin-cc1  -Wl,--build-id=sha1 -fstack-protector-strong -rdynamic -Wl,-export-dynamic -Wl,--no-as-needed  -m64   -lruby  -lm  -lc"
checked program was:
/* begin */
1: #include "ruby.h"
2: 
3: int main(int argc, char **argv)
4: {
5:   return !!argv[argc];
6: }
/* end */

LD_LIBRARY_PATH=.:/usr/lib64 "gcc -o conftest -I/usr/include -I/usr/include/ruby/backward -I/usr/include -Ibin    -O2 -flto=auto -ffat-lto-objects -fexceptions -g -grecord-gcc-switches -pipe -Wall -Werror=format-security -Wp,-D_FORTIFY_SOURCE=2 -Wp,-D_GLIBCXX_ASSERTIONS -specs=/usr/lib/rpm/redhat/redhat-hardened-cc1 -fstack-protector-strong -specs=/usr/lib/rpm/redhat/redhat-annobin-cc1  -mtune=generic -fasynchronous-unwind-tables -fstack-clash-protection -fcf-protection -fPIC conftest.c  -L. -L/usr/lib64 -L. -Wl,-z,relro -Wl,--as-needed  -Wl,-z,now -specs=/usr/lib/rpm/redhat/redhat-hardened-ld -specs=/usr/lib/rpm/redhat/redhat-annobin-cc1  -Wl,--build-id=sha1 -fstack-protector-strong -rdynamic -Wl,-export-dynamic -Wl,--no-as-needed  -m64   -lruby -lcrypto  -lm  -lc"
conftest.c: In function ‘t’:
conftest.c:14:57: error: ‘BIO_read’ undeclared (first use in this function)
   14 | int t(void) { void ((*volatile p)()); p = (void ((*)()))BIO_read; return !p; }
      |                                                         ^~~~~~~~
conftest.c:14:57: note: each undeclared identifier is reported only once for each function it appears in
checked program was:
/* begin */
 1: #include "ruby.h"
 2: 
 3: /*top*/
 4: extern int t(void);
 5: int main(int argc, char **argv)
 6: {
 7:   if (argc > 1000000) {
 8:     int (* volatile tp)(void)=(int (*)(void))&t;
 9:     printf("%d", (*tp)());
10:   }
11: 
12:   return !!argv[argc];
13: }
14: int t(void) { void ((*volatile p)()); p = (void ((*)()))BIO_read; return !p; }
/* end */

LD_LIBRARY_PATH=.:/usr/lib64 "gcc -o conftest -I/usr/include -I/usr/include/ruby/backward -I/usr/include -Ibin    -O2 -flto=auto -ffat-lto-objects -fexceptions -g -grecord-gcc-switches -pipe -Wall -Werror=format-security -Wp,-D_FORTIFY_SOURCE=2 -Wp,-D_GLIBCXX_ASSERTIONS -specs=/usr/lib/rpm/redhat/redhat-hardened-cc1 -fstack-protector-strong -specs=/usr/lib/rpm/redhat/redhat-annobin-cc1  -mtune=generic -fasynchronous-unwind-tables -fstack-clash-protection -fcf-protection -fPIC conftest.c  -L. -L/usr/lib64 -L. -Wl,-z,relro -Wl,--as-needed  -Wl,-z,now -specs=/usr/lib/rpm/redhat/redhat-hardened-ld -specs=/usr/lib/rpm/redhat/redhat-annobin-cc1  -Wl,--build-id=sha1 -fstack-protector-strong -rdynamic -Wl,-export-dynamic -Wl,--no-as-needed  -m64   -lruby -lcrypto  -lm  -lc"
checked program was:
/* begin */
 1: #include "ruby.h"
 2: 
 3: /*top*/
 4: extern int t(void);
 5: int main(int argc, char **argv)
 6: {
 7:   if (argc > 1000000) {
 8:     int (* volatile tp)(void)=(int (*)(void))&t;
 9:     printf("%d", (*tp)());
10:   }
11: 
12:   return !!argv[argc];
13: }
14: extern void BIO_read();
15: int t(void) { BIO_read(); return 0; }
/* end */

--------------------

have_library: checking for SSL_CTX_new() in -lssl... -------------------- yes

LD_LIBRARY_PATH=.:/usr/lib64 "gcc -o conftest -I/usr/include -I/usr/include/ruby/backward -I/usr/include -Ibin    -O2 -flto=auto -ffat-lto-objects -fexceptions -g -grecord-gcc-switches -pipe -Wall -Werror=format-security -Wp,-D_FORTIFY_SOURCE=2 -Wp,-D_GLIBCXX_ASSERTIONS -specs=/usr/lib/rpm/redhat/redhat-hardened-cc1 -fstack-protector-strong -specs=/usr/lib/rpm/redhat/redhat-annobin-cc1  -mtune=generic -fasynchronous-unwind-tables -fstack-clash-protection -fcf-protection -fPIC conftest.c  -L. -L/usr/lib64 -L. -Wl,-z,relro -Wl,--as-needed  -Wl,-z,now -specs=/usr/lib/rpm/redhat/redhat-hardened-ld -specs=/usr/lib/rpm/redhat/redhat-annobin-cc1  -Wl,--build-id=sha1 -fstack-protector-strong -rdynamic -Wl,-export-dynamic -Wl,--no-as-needed  -m64  -lcrypto  -lruby -lssl -lcrypto  -lm  -lc"
conftest.c: In function ‘t’:
conftest.c:14:57: error: ‘SSL_CTX_new’ undeclared (first use in this function)
   14 | int t(void) { void ((*volatile p)()); p = (void ((*)()))SSL_CTX_new; return !p; }
      |                                                         ^~~~~~~~~~~
conftest.c:14:57: note: each undeclared identifier is reported only once for each function it appears in
checked program was:
/* begin */
 1: #include "ruby.h"
 2: 
 3: /*top*/
 4: extern int t(void);
 5: int main(int argc, char **argv)
 6: {
 7:   if (argc > 1000000) {
 8:     int (* volatile tp)(void)=(int (*)(void))&t;
 9:     printf("%d", (*tp)());
10:   }
11: 
12:   return !!argv[argc];
13: }
14: int t(void) { void ((*volatile p)()); p = (void ((*)()))SSL_CTX_new; return !p; }
/* end */

LD_LIBRARY_PATH=.:/usr/lib64 "gcc -o conftest -I/usr/include -I/usr/include/ruby/backward -I/usr/include -Ibin    -O2 -flto=auto -ffat-lto-objects -fexceptions -g -grecord-gcc-switches -pipe -Wall -Werror=format-security -Wp,-D_FORTIFY_SOURCE=2 -Wp,-D_GLIBCXX_ASSERTIONS -specs=/usr/lib/rpm/redhat/redhat-hardened-cc1 -fstack-protector-strong -specs=/usr/lib/rpm/redhat/redhat-annobin-cc1  -mtune=generic -fasynchronous-unwind-tables -fstack-clash-protection -fcf-protection -fPIC conftest.c  -L. -L/usr/lib64 -L. -Wl,-z,relro -Wl,--as-needed  -Wl,-z,now -specs=/usr/lib/rpm/redhat/redhat-hardened-ld -specs=/usr/lib/rpm/redhat/redhat-annobin-cc1  -Wl,--build-id=sha1 -fstack-protector-strong -rdynamic -Wl,-export-dynamic -Wl,--no-as-needed  -m64  -lcrypto  -lruby -lssl -lcrypto  -lm  -lc"
checked program was:
/* begin */
 1: #include "ruby.h"
 2: 
 3: /*top*/
 4: extern int t(void);
 5: int main(int argc, char **argv)
 6: {
 7:   if (argc > 1000000) {
 8:     int (* volatile tp)(void)=(int (*)(void))&t;
 9:     printf("%d", (*tp)());
10:   }
11: 
12:   return !!argv[argc];
13: }
14: extern void SSL_CTX_new();
15: int t(void) { SSL_CTX_new(); return 0; }
/* end */

--------------------

have_header: checking for openssl/bio.h... -------------------- yes

LD_LIBRARY_PATH=.:/usr/lib64 "gcc -I/usr/include -I/usr/include/ruby/backward -I/usr/include -Ibin    -O2 -flto=auto -ffat-lto-objects -fexceptions -g -grecord-gcc-switches -pipe -Wall -Werror=format-security -Wp,-D_FORTIFY_SOURCE=2 -Wp,-D_GLIBCXX_ASSERTIONS -specs=/usr/lib/rpm/redhat/redhat-hardened-cc1 -fstack-protector-strong -specs=/usr/lib/rpm/redhat/redhat-annobin-cc1  -mtune=generic -fasynchronous-unwind-tables -fstack-clash-protection -fcf-protection -fPIC -m64  -c conftest.c"
checked program was:
/* begin */
1: #include "ruby.h"
2: 
3: #include <openssl/bio.h>
/* end */

--------------------

have_func: checking for DTLS_method() in openssl/ssl.h... -------------------- yes

LD_LIBRARY_PATH=.:/usr/lib64 "gcc -o conftest -I/usr/include -I/usr/include/ruby/backward -I/usr/include -Ibin    -O2 -flto=auto -ffat-lto-objects -fexceptions -g -grecord-gcc-switches -pipe -Wall -Werror=format-security -Wp,-D_FORTIFY_SOURCE=2 -Wp,-D_GLIBCXX_ASSERTIONS -specs=/usr/lib/rpm/redhat/redhat-hardened-cc1 -fstack-protector-strong -specs=/usr/lib/rpm/redhat/redhat-annobin-cc1  -mtune=generic -fasynchronous-unwind-tables -fstack-clash-protection -fcf-protection -fPIC conftest.c  -L. -L/usr/lib64 -L. -Wl,-z,relro -Wl,--as-needed  -Wl,-z,now -specs=/usr/lib/rpm/redhat/redhat-hardened-ld -specs=/usr/lib/rpm/redhat/redhat-annobin-cc1  -Wl,--build-id=sha1 -fstack-protector-strong -rdynamic -Wl,-export-dynamic -Wl,--no-as-needed  -m64  -lssl -lcrypto  -lruby -lssl -lcrypto  -lm  -lc"
checked program was:
/* begin */
 1: #include "ruby.h"
 2: 
 3: #include <openssl/ssl.h>
 4: 
 5: /*top*/
 6: extern int t(void);
 7: int main(int argc, char **argv)
 8: {
 9:   if (argc > 1000000) {
10:     int (* volatile tp)(void)=(int (*)(void))&t;
11:     printf("%d", (*tp)());
12:   }
13: 
14:   return !!argv[argc];
15: }
16: int t(void) { void ((*volatile p)()); p = (void ((*)()))DTLS_method; return !p; }
/* end */

--------------------

have_func: checking for TLS_server_method() in openssl/ssl.h... -------------------- yes

LD_LIBRARY_PATH=.:/usr/lib64 "gcc -o conftest -I/usr/include -I/usr/include/ruby/backward -I/usr/include -Ibin    -O2 -flto=auto -ffat-lto-objects -fexceptions -g -grecord-gcc-switches -pipe -Wall -Werror=format-security -Wp,-D_FORTIFY_SOURCE=2 -Wp,-D_GLIBCXX_ASSERTIONS -specs=/usr/lib/rpm/redhat/redhat-hardened-cc1 -fstack-protector-strong -specs=/usr/lib/rpm/redhat/redhat-annobin-cc1  -mtune=generic -fasynchronous-unwind-tables -fstack-clash-protection -fcf-protection -fPIC conftest.c  -L. -L/usr/lib64 -L. -Wl,-z,relro -Wl,--as-needed  -Wl,-z,now -specs=/usr/lib/rpm/redhat/redhat-hardened-ld -specs=/usr/lib/rpm/redhat/redhat-annobin-cc1  -Wl,--build-id=sha1 -fstack-protector-strong -rdynamic -Wl,-export-dynamic -Wl,--no-as-needed  -m64  -lssl -lcrypto  -lruby -lssl -lcrypto  -lm  -lc"
checked program was:
/* begin */
 1: #include "ruby.h"
 2: 
 3: #include <openssl/ssl.h>
 4: 
 5: /*top*/
 6: extern int t(void);
 7: int main(int argc, char **argv)
 8: {
 9:   if (argc > 1000000) {
10:     int (* volatile tp)(void)=(int (*)(void))&t;
11:     printf("%d", (*tp)());
12:   }
13: 
14:   return !!argv[argc];
15: }
16: int t(void) { void ((*volatile p)()); p = (void ((*)()))TLS_server_method; return !p; }
/* end */

--------------------

have_macro: checking for SSL_CTX_set_min_proto_version in openssl/ssl.h... -------------------- yes

LD_LIBRARY_PATH=.:/usr/lib64 "gcc -I/usr/include -I/usr/include/ruby/backward -I/usr/include -Ibin    -O2 -flto=auto -ffat-lto-objects -fexceptions -g -grecord-gcc-switches -pipe -Wall -Werror=format-security -Wp,-D_FORTIFY_SOURCE=2 -Wp,-D_GLIBCXX_ASSERTIONS -specs=/usr/lib/rpm/redhat/redhat-hardened-cc1 -fstack-protector-strong -specs=/usr/lib/rpm/redhat/redhat-annobin-cc1  -mtune=generic -fasynchronous-unwind-tables -fstack-clash-protection -fcf-protection -fPIC -m64  -c conftest.c"
checked program was:
/* begin */
1: #include "ruby.h"
2: 
3: #include <openssl/ssl.h>
4: /*top*/
5: #ifndef SSL_CTX_set_min_proto_version
6: # error
7: |:/ === SSL_CTX_set_min_proto_version undefined === /:|
8: #endif
/* end */

--------------------

